<?xml version="1.0" encoding="UTF-8"?>
<!-- Generated by org.testng.reporters.JUnitReportReporter -->
<testsuite skipped="0" hostname="BDC3-LX-72307C" name="com.Test.NewTest2" tests="2" failures="0" timestamp="02 Aug 2018 06:14:34 GMT" time="0.017" errors="0">
  <testcase name="testRegistration" time="0.014" classname="com.Test.NewTest2"/>
  <testcase name="testLogin" time="0.003" classname="com.Test.NewTest2"/>
</testsuite> <!-- com.Test.NewTest2 -->
