<?xml version="1.0" encoding="UTF-8"?>
<!-- Generated by org.testng.reporters.JUnitReportReporter -->
<testsuite skipped="0" hostname="BDC3-LX-72307C" name="com.Test.testPractice1" tests="1" failures="0" timestamp="07 Aug 2018 07:32:29 GMT" time="0.422" errors="0">
  <testcase name="testIRCTC" time="0.422" classname="com.Test.testPractice1"/>
</testsuite> <!-- com.Test.testPractice1 -->
