<?xml version="1.0" encoding="UTF-8"?>
<!-- Generated by org.testng.reporters.JUnitReportReporter -->
<testsuite skipped="0" hostname="BDC3-LX-72307C" name="com.Test.exampleTestNGAnnotations" tests="1" failures="0" timestamp="06 Aug 2018 06:32:04 GMT" time="0.009" errors="0">
  <testcase name="f" time="0.009" classname="com.Test.exampleTestNGAnnotations"/>
</testsuite> <!-- com.Test.exampleTestNGAnnotations -->
