<?xml version="1.0" encoding="UTF-8"?>
<!-- Generated by org.testng.reporters.JUnitReportReporter -->
<testsuite skipped="0" hostname="BDC3-LX-72307C" name="com.Test.webdriver_Test" tests="1" failures="0" timestamp="02 Aug 2018 07:19:36 GMT" time="10.406" errors="0">
  <testcase name="testChrome" time="10.406" classname="com.Test.webdriver_Test"/>
</testsuite> <!-- com.Test.webdriver_Test -->
