<?xml version="1.0" encoding="UTF-8"?>
<!-- Generated by org.testng.reporters.JUnitReportReporter -->
<testsuite skipped="0" hostname="BDC3-LX-72307C" name="com.Test.TestNGMultiBrowser" tests="2" failures="0" timestamp="06 Aug 2018 06:51:34 GMT" time="0.019" errors="0">
  <testcase name="testGoogle" time="0.001" classname="com.Test.TestNGMultiBrowser"/>
  <testcase name="testGoogle" time="0.018" classname="com.Test.TestNGMultiBrowser"/>
</testsuite> <!-- com.Test.TestNGMultiBrowser -->
