<?xml version="1.0" encoding="UTF-8"?>
<!-- Generated by org.testng.reporters.JUnitReportReporter -->
<testsuite skipped="0" hostname="BDC3-LX-72307C" name="com.Test.New_Test1" tests="3" failures="0" timestamp="02 Aug 2018 06:06:05 GMT" time="0.019" errors="0">
  <testcase name="testTwitter" time="0.001" classname="com.Test.New_Test1"/>
  <testcase name="testFb" time="0.016" classname="com.Test.New_Test1"/>
  <testcase name="testGoogle" time="0.002" classname="com.Test.New_Test1"/>
</testsuite> <!-- com.Test.New_Test1 -->
