<?xml version="1.0" encoding="UTF-8"?>
<!-- Generated by org.testng.reporters.JUnitReportReporter -->
<testsuite skipped="0" hostname="BDC3-LX-72307C" name="com.Test.testWebPageAutomation" tests="1" failures="0" timestamp="06 Aug 2018 04:57:39 GMT" time="15.924" errors="0">
  <testcase name="main" time="15.924" classname="com.Test.testWebPageAutomation"/>
</testsuite> <!-- com.Test.testWebPageAutomation -->
