<?xml version="1.0" encoding="UTF-8"?>
<!-- Generated by org.testng.reporters.JUnitReportReporter -->
<testsuite skipped="0" hostname="BDC3-LX-72307C" name="com.Test.TestDependencies" tests="3" failures="0" timestamp="08 Aug 2018 05:02:49 GMT" time="15.119" errors="0">
  <testcase name="launchApplication" time="15.114" classname="com.Test.TestDependencies"/>
  <testcase name="login" time="0.002" classname="com.Test.TestDependencies"/>
  <testcase name="logout" time="0.003" classname="com.Test.TestDependencies"/>
</testsuite> <!-- com.Test.TestDependencies -->
